<?xml version="1.0" encoding="UTF-8"?>
<!-- Generated by org.testng.reporters.JUnitXMLReporter -->
<testsuite hostname="WIN-5JMM5SEPDGE" ignored="0" name="Paga系统CMS模块正向场景+反向测试用例" tests="27" failures="0" timestamp="20 十二月 2019 03:04:44 GMT" time="83.644" errors="0">
  <testcase name="loginTrue" time="0.139" classname="com.paga.cases.LoginTest"/>
  <testcase name="loginTrue" time="0.123" classname="com.paga.cases.AddTaskTest"/>
  <testcase name="startTask" time="5.052" classname="com.paga.cases.StartTaskTest"/>
  <testcase name="startTask" time="6.036" classname="com.paga.cases.StartSubtaskTest"/>
  <testcase name="subtasktkId" time="3.01" classname="com.paga.cases.SubtasktkIdTest"/>
  <testcase name="addLinkingCrit" time="0.029" classname="com.paga.cases.AddLinkingCritTest"/>
  <testcase name="test" time="3.028" classname="com.paga.cases.RruleConditionTest"/>
  <testcase name="addPath" time="3.03" classname="com.paga.cases.AddPathTest"/>
  <testcase name="test" time="2.015" classname="com.paga.cases.UpdateSubTaskTest"/>
  <testcase name="completeSubTask" time="3.034" classname="com.paga.cases.CompleteSubTaskTest"/>
  <testcase name="newSubTaskuuid" time="3.155" classname="com.paga.cases.NewSubTaskUUidTest"/>
  <testcase name="addComment" time="3.014" classname="com.paga.cases.AddCommentTest"/>
  <testcase name="test" time="3.027" classname="com.paga.cases.CommentsTest"/>
  <testcase name="rejectTask" time="0.068" classname="com.paga.cases.RejectSubtaskTest"/>
  <testcase name="newSubTaskuuid" time="3.084" classname="com.paga.cases.NewSubTaskReJUUidTest"/>
  <testcase name="test" time="2.019" classname="com.paga.cases.UpdateSubTaskReJTest"/>
  <testcase name="completeSubTaskREj" time="3.05" classname="com.paga.cases.CompleteSubTaskReJTest"/>
  <testcase name="newSubTaskReJComUUid" time="3.061" classname="com.paga.cases.NewSubTaskReJComUUidTest"/>
  <testcase name="test" time="3.025" classname="com.paga.cases.WriteTest"/>
  <testcase name="approveSubTask" time="3.057" classname="com.paga.cases.ApproveSubTaskReviewTest"/>
  <testcase name="newSubTaskDeployedUuid" time="3.141" classname="com.paga.cases.NewSubTaskDeployedUUidTest"/>
  <testcase name="ruleZip" time="3.036" classname="com.paga.cases.RuleZipTest"/>
  <testcase name="approveSubTask" time="3.074" classname="com.paga.cases.ApproveSubTaskDoneTest"/>
  <testcase name="newTaskReviewUUid" time="3.122" classname="com.paga.cases.NewTaskReviewUUidTest"/>
  <testcase name="approveSubTask" time="3.039" classname="com.paga.cases.ApproveTaskTest"/>
  <testcase name="newTaskDoneUUid" time="3.077" classname="com.paga.cases.NewTaskDoneUUidTest"/>
  <testcase name="approveSubTask" time="3.067" classname="com.paga.cases.ApproveTaskDoneTest"/>
</testsuite> <!-- Paga系统CMS模块正向场景+反向测试用例 -->
