<?xml version="1.0" encoding="UTF-8"?>
<testng-results skipped="0" failed="0" ignored="5" total="6" passed="1">
  <reporter-output>
  </reporter-output>
  <suite name="Default suite" duration-ms="11148" started-at="2019-11-21T05:49:56Z" finished-at="2019-11-21T05:50:07Z">
    <groups>
    </groups>
    <test name="Default test" duration-ms="11148" started-at="2019-11-21T05:49:56Z" finished-at="2019-11-21T05:50:07Z">
      <class name="com.paga.cases.CreateTaskTest">
        <test-method status="PASS" signature="initDriver()[pri:0, instance:com.paga.cases.CreateTaskTest@42d80b78]" name="initDriver" is-config="true" duration-ms="5824" started-at="2019-11-21T13:49:56Z" finished-at="2019-11-21T13:50:02Z">
          <reporter-output>
          </reporter-output>
        </test-method> <!-- initDriver -->
        <test-method status="PASS" signature="login()[pri:0, instance:com.paga.cases.CreateTaskTest@42d80b78]" name="login" duration-ms="5233" started-at="2019-11-21T13:50:02Z" description="登陆" finished-at="2019-11-21T13:50:07Z">
          <reporter-output>
          </reporter-output>
        </test-method> <!-- login -->
        <test-method status="PASS" signature="clossDriver()[pri:0, instance:com.paga.cases.CreateTaskTest@42d80b78]" name="clossDriver" is-config="true" duration-ms="62" started-at="2019-11-21T13:50:07Z" finished-at="2019-11-21T13:50:07Z">
          <reporter-output>
          </reporter-output>
        </test-method> <!-- clossDriver -->
        <test-method status="PASS" signature="clossService()[pri:0, instance:com.paga.cases.CreateTaskTest@42d80b78]" name="clossService" is-config="true" duration-ms="820" started-at="2019-11-21T13:50:07Z" finished-at="2019-11-21T13:50:08Z">
          <reporter-output>
          </reporter-output>
        </test-method> <!-- clossService -->
      </class> <!-- com.paga.cases.CreateTaskTest -->
    </test> <!-- Default test -->
  </suite> <!-- Default suite -->
</testng-results>
