<?xml version="1.0" encoding="UTF-8"?>
<!-- Generated by org.testng.reporters.JUnitXMLReporter -->
<testsuite hostname="WIN-5JMM5SEPDGE" ignored="5" name="Default test" tests="1" failures="0" timestamp="21 十一月 2019 05:50:07 GMT" time="11.148" errors="0">
  <testcase name="login" time="5.233" classname="com.paga.cases.CreateTaskTest"/>
  <testcase name="editTask" time="0.0" classname="com.paga.cases.CreateTaskTest">
    <ignored/>
  </testcase> <!-- editTask -->
  <testcase name="editSubTasks" time="0.0" classname="com.paga.cases.CreateTaskTest">
    <ignored/>
  </testcase> <!-- editSubTasks -->
  <testcase name="assign_to_me" time="0.0" classname="com.paga.cases.CreateTaskTest">
    <ignored/>
  </testcase> <!-- assign_to_me -->
  <testcase name="submitTask" time="0.0" classname="com.paga.cases.CreateTaskTest">
    <ignored/>
  </testcase> <!-- submitTask -->
  <testcase name="createTask" time="0.0" classname="com.paga.cases.CreateTaskTest">
    <ignored/>
  </testcase> <!-- createTask -->
</testsuite> <!-- Default test -->
